<?xml version="1.0" encoding="UTF-8"?>
<testsuite xmlns:xsi="http://www.w3.org/2001/XMLSchema-instance" xsi:noNamespaceSchemaLocation="https://maven.apache.org/surefire/maven-surefire-plugin/xsd/surefire-test-report.xsd" name="TestSuite" time="0.776" tests="6" errors="0" skipped="0" failures="0">
  <properties>
    <property name="java.specification.version" value="23"/>
    <property name="sun.cpu.isalist" value="amd64"/>
    <property name="sun.jnu.encoding" value="Cp1252"/>
    <property name="java.class.path" value="C:\Users\Rifky_118716\Documents\Course QA Automation\Api Automation\apiautomation\target\test-classes;C:\Users\Rifky_118716\Documents\Course QA Automation\Api Automation\apiautomation\target\classes;C:\Users\Rifky_118716\.m2\repository\org\testng\testng\7.10.2\testng-7.10.2.jar;C:\Users\Rifky_118716\.m2\repository\org\slf4j\slf4j-api\1.7.36\slf4j-api-1.7.36.jar;C:\Users\Rifky_118716\.m2\repository\com\beust\jcommander\1.82\jcommander-1.82.jar;C:\Users\Rifky_118716\.m2\repository\org\webjars\jquery\3.7.1\jquery-3.7.1.jar;"/>
    <property name="java.vm.vendor" value="Oracle Corporation"/>
    <property name="sun.arch.data.model" value="64"/>
    <property name="user.variant" value=""/>
    <property name="java.vendor.url" value="https://java.oracle.com/"/>
    <property name="user.timezone" value="Asia/Jakarta"/>
    <property name="suiteXmlFile" value="testng.xml"/>
    <property name="os.name" value="Windows 10"/>
    <property name="java.vm.specification.version" value="23"/>
    <property name="sun.java.launcher" value="SUN_STANDARD"/>
    <property name="user.country" value="ID"/>
    <property name="sun.boot.library.path" value="C:\Users\Rifky_118716\jdk-23.0.1\bin"/>
    <property name="sun.java.command" value="C:\Users\RIFKY_~1\AppData\Local\Temp\surefire1992435834730889816\surefirebooter3652202920650332504.jar C:\Users\Rifky_118716\AppData\Local\Temp\surefire1992435834730889816 2025-02-12T00-37-22_183-jvmRun1 surefire9889291860826669211tmp surefire_017708571807594643101tmp"/>
    <property name="jdk.debug" value="release"/>
    <property name="surefire.test.class.path" value="C:\Users\Rifky_118716\Documents\Course QA Automation\Api Automation\apiautomation\target\test-classes;C:\Users\Rifky_118716\Documents\Course QA Automation\Api Automation\apiautomation\target\classes;C:\Users\Rifky_118716\.m2\repository\org\testng\testng\7.10.2\testng-7.10.2.jar;C:\Users\Rifky_118716\.m2\repository\org\slf4j\slf4j-api\1.7.36\slf4j-api-1.7.36.jar;C:\Users\Rifky_118716\.m2\repository\com\beust\jcommander\1.82\jcommander-1.82.jar;C:\Users\Rifky_118716\.m2\repository\org\webjars\jquery\3.7.1\jquery-3.7.1.jar;"/>
    <property name="sun.cpu.endian" value="little"/>
    <property name="user.home" value="C:\Users\Rifky_118716"/>
    <property name="user.language" value="en"/>
    <property name="java.specification.vendor" value="Oracle Corporation"/>
    <property name="java.version.date" value="2024-10-15"/>
    <property name="java.home" value="C:\Users\Rifky_118716\jdk-23.0.1"/>
    <property name="file.separator" value="\"/>
    <property name="basedir" value="C:\Users\Rifky_118716\Documents\Course QA Automation\Api Automation\apiautomation"/>
    <property name="java.vm.compressedOopsMode" value="Zero based"/>
    <property name="line.separator" value="&#10;"/>
    <property name="java.vm.specification.vendor" value="Oracle Corporation"/>
    <property name="java.specification.name" value="Java Platform API Specification"/>
    <property name="surefire.real.class.path" value="C:\Users\RIFKY_~1\AppData\Local\Temp\surefire1992435834730889816\surefirebooter3652202920650332504.jar"/>
    <property name="user.script" value=""/>
    <property name="sun.management.compiler" value="HotSpot 64-Bit Tiered Compilers"/>
    <property name="java.runtime.version" value="23.0.1+11-39"/>
    <property name="user.name" value="Rifky_118716"/>
    <property name="stdout.encoding" value="Cp1252"/>
    <property name="path.separator" value=";"/>
    <property name="os.version" value="10.0"/>
    <property name="java.runtime.name" value="OpenJDK Runtime Environment"/>
    <property name="file.encoding" value="UTF-8"/>
    <property name="java.vm.name" value="OpenJDK 64-Bit Server VM"/>
    <property name="localRepository" value="C:\Users\Rifky_118716\.m2\repository"/>
    <property name="java.vendor.url.bug" value="https://bugreport.java.com/bugreport/"/>
    <property name="java.io.tmpdir" value="C:\Users\RIFKY_~1\AppData\Local\Temp\"/>
    <property name="java.version" value="23.0.1"/>
    <property name="user.dir" value="C:\Users\Rifky_118716\Documents\Course QA Automation\Api Automation\apiautomation"/>
    <property name="os.arch" value="amd64"/>
    <property name="java.vm.specification.name" value="Java Virtual Machine Specification"/>
    <property name="sun.os.patch.level" value=""/>
    <property name="native.encoding" value="Cp1252"/>
    <property name="java.library.path" value="C:\Users\Rifky_118716\jdk-23.0.1\bin;C:\Windows\Sun\Java\bin;C:\Windows\system32;C:\Windows;C:\Windows\system32;C:\Windows;C:\Windows\System32\Wbem;C:\Windows\System32\WindowsPowerShell\v1.0\;C:\Windows\System32\OpenSSH\;C:\Program Files\Amazon\AWSCLIV2\;C:\Program Files\Amazon\SessionManagerPlugin\bin\;C:\Users\Rifky_118716\Desktop\MyXL\allure-2.7.0;C:\Users\Rifky_118716\AppData\Local\Programs\Python\Python312\Scripts;C:\Users\Rifky_118716\AppData\Roaming\Microsoft\Windows\Start Menu\Programs\Python 3.12;C:\Program Files (x86)\gradle-8.10.2\bin;C:\Program Files\nodejs\;C:\Users\Rifky_118716\apache-maven-3.8.8\bin;C:\Users\Rifky_118716\AppData\Local\Programs\Microsoft VS Code\bin;C:\Users\Rifky_118716\AppData\Local\Programs\Git\bin;C:\Users\Rifky_118716\jdk-23.0.1\bin;C:\Program Files (x86)\Common Files\Oracle\Java\javapath;C:\Windows\system32;C:\Windows;C:\Windows\System32\Wbem;C:\Windows\System32\WindowsPowerShell\v1.0\;C:\Windows\System32\OpenSSH\;C:\Program Files\Amazon\AWSCLIV2\;C:\Program Files\Amazon\SessionManagerPlugin\bin\;C:\Users\Rifky_118716\Desktop\MyXL\allure-2.7.0;C:\Users\Rifky_118716\AppData\Local\Programs\Python\Python312\Scripts;C:\Users\Rifky_118716\AppData\Roaming\Microsoft\Windows\Start Menu\Programs\Python 3.12;C:\Program Files (x86)\gradle-8.10.2\bin;C:\Program Files\nodejs\;C:\Users\Rifky_118716\jdk-23.0.1\bin;C:\Users\Rifky_118716\AppData\Local\Programs\Git\bin;C:\Users\Rifky_118716\AppData\Local\Programs\Microsoft VS Code\bin;."/>
    <property name="java.vm.info" value="mixed mode, sharing"/>
    <property name="stderr.encoding" value="Cp1252"/>
    <property name="java.vendor" value="Oracle Corporation"/>
    <property name="java.vm.version" value="23.0.1+11-39"/>
    <property name="sun.io.unicode.encoding" value="UnicodeLittle"/>
    <property name="java.class.version" value="67.0"/>
  </properties>
  <testcase name="scenarioTest1" classname="testng.TestNG" time="0.01"/>
  <testcase name="getDataProvider" classname="testng.TestNG" time="0.011"/>
  <testcase name="getDataProvider" classname="testng.TestNG" time="0"/>
  <testcase name="getDataProvider" classname="testng.TestNG" time="0"/>
  <testcase name="scenarioTest2" classname="testng.TestNG" time="0"/>
  <testcase name="scenarioTest3" classname="testng.TestNG" time="0.002"/>
</testsuite>