<?xml version="1.0" encoding="UTF-8"?>
<!-- Generated by org.testng.reporters.JUnitReportReporter -->
<testsuite hostname="118716-001L-IND" failures="0" tests="1" name="testng.restassured.ValidationTest" time="3.378" errors="0" timestamp="2025-02-17T21:44:35 WIB" skipped="0">
  <testcase classname="testng.restassured.ValidationTest" name="addObjects" time="3.378"/>
</testsuite> <!-- testng.restassured.ValidationTest -->
