<?xml version="1.0" encoding="UTF-8"?>
<!-- Generated by org.testng.reporters.JUnitReportReporter -->
<testsuite hostname="118716-001L-IND" failures="0" tests="1" name="testng.submission.ScenarioE2E" time="4.333" errors="0" timestamp="2025-02-19T00:08:24 WIB" skipped="0">
  <testcase classname="testng.submission.ScenarioE2E" name="scenatioE2ETest" time="4.333"/>
</testsuite> <!-- testng.submission.ScenarioE2E -->
