<?xml version="1.0" encoding="UTF-8"?>
<!-- Generated by org.testng.reporters.JUnitReportReporter -->
<testsuite hostname="118716-001L-IND" failures="0" tests="6" name="testng.TestNG" time="0.032" errors="0" timestamp="2025-02-12T00:37:24 WIB" skipped="0">
  <testcase classname="testng.TestNG" name="getDataProvider" time="0.003"/>
  <testcase classname="testng.TestNG" name="scenarioTest1" time="0.013"/>
  <testcase classname="testng.TestNG" name="scenarioTest2" time="0.000"/>
  <testcase classname="testng.TestNG" name="getDataProvider" time="0.012"/>
  <testcase classname="testng.TestNG" name="scenarioTest3" time="0.002"/>
  <testcase classname="testng.TestNG" name="getDataProvider" time="0.002"/>
</testsuite> <!-- testng.TestNG -->
