<?xml version="1.0" encoding="UTF-8"?>
<!-- Generated by org.testng.reporters.JUnitReportReporter -->
<testsuite hostname="118716-001L-IND" failures="0" tests="10" name="testng.ParallelTestNG" time="0.038" errors="0" timestamp="2025-02-12T11:03:36 WIB" skipped="0">
  <testcase classname="testng.ParallelTestNG" name="scenarioTest4" time="0.001"/>
  <testcase classname="testng.ParallelTestNG" name="scenarioTest1" time="0.011"/>
  <testcase classname="testng.ParallelTestNG" name="scenarioTestGroup2" time="0.001"/>
  <testcase classname="testng.ParallelTestNG" name="scenarioTest6" time="0.001"/>
  <testcase classname="testng.ParallelTestNG" name="scenarioTestGroupFuncast" time="0.000"/>
  <testcase classname="testng.ParallelTestNG" name="scenarioTest5" time="0.001"/>
  <testcase classname="testng.ParallelTestNG" name="scenarioTest2" time="0.011"/>
  <testcase classname="testng.ParallelTestNG" name="getValueParam" time="0.010"/>
  <testcase classname="testng.ParallelTestNG" name="scenarioTest3" time="0.001"/>
  <testcase classname="testng.ParallelTestNG" name="scenarioTestGroup1" time="0.001"/>
</testsuite> <!-- testng.ParallelTestNG -->
